[2020-05-29 11:21:13.053] [info] Start range tree tester
[2020-05-29 11:21:13.053] [info] Start query time test with various data length
[2020-05-29 11:21:13.053] [info] Start with data length=2000
[2020-05-29 11:21:13.054] [info] [OrgRangeTree] Start original range tree construction
[2020-05-29 11:21:13.057] [info] [OrgRangeTree] Start smart secondary tree construction
[2020-05-29 11:21:13.071] [info] [ExperimentApp] Finish query time testing on Original Range Tree with datalength=2000, range=50000, k=4, running time=4
[2020-05-29 11:21:13.071] [info] [FcRangeTree] Start factional-cascading range tree construction
[2020-05-29 11:21:13.072] [info] [FcRangeTree] Start secondary factional-cascading construction
[2020-05-29 11:21:13.079] [info] [ExperimentApp] Finish query time testing on Fractional Cascading Range Tree with datalength=2000, range=50000, k=4, running time=5
[2020-05-29 11:21:13.085] [info] Start with data length=4000
[2020-05-29 11:21:13.086] [info] [OrgRangeTree] Start original range tree construction
[2020-05-29 11:21:13.089] [info] [OrgRangeTree] Start smart secondary tree construction
[2020-05-29 11:21:13.118] [info] [ExperimentApp] Finish query time testing on Original Range Tree with datalength=4000, range=50000, k=9, running time=7
[2020-05-29 11:21:13.118] [info] [FcRangeTree] Start factional-cascading range tree construction
[2020-05-29 11:21:13.121] [info] [FcRangeTree] Start secondary factional-cascading construction
[2020-05-29 11:21:13.134] [info] [ExperimentApp] Finish query time testing on Fractional Cascading Range Tree with datalength=4000, range=50000, k=9, running time=6
[2020-05-29 11:21:13.144] [info] Start with data length=8000
[2020-05-29 11:21:13.146] [info] [OrgRangeTree] Start original range tree construction
[2020-05-29 11:21:13.153] [info] [OrgRangeTree] Start smart secondary tree construction
[2020-05-29 11:21:13.213] [info] [ExperimentApp] Finish query time testing on Original Range Tree with datalength=8000, range=50000, k=19, running time=10
[2020-05-29 11:21:13.213] [info] [FcRangeTree] Start factional-cascading range tree construction
[2020-05-29 11:21:13.217] [info] [FcRangeTree] Start secondary factional-cascading construction
[2020-05-29 11:21:13.242] [info] [ExperimentApp] Finish query time testing on Fractional Cascading Range Tree with datalength=8000, range=50000, k=19, running time=7
[2020-05-29 11:21:13.264] [info] Start with data length=16000
[2020-05-29 11:21:13.268] [info] [OrgRangeTree] Start original range tree construction
[2020-05-29 11:21:13.280] [info] [OrgRangeTree] Start smart secondary tree construction
[2020-05-29 11:21:13.417] [info] [ExperimentApp] Finish query time testing on Original Range Tree with datalength=16000, range=50000, k=40, running time=13
[2020-05-29 11:21:13.417] [info] [FcRangeTree] Start factional-cascading range tree construction
[2020-05-29 11:21:13.427] [info] [FcRangeTree] Start secondary factional-cascading construction
[2020-05-29 11:21:13.481] [info] [ExperimentApp] Finish query time testing on Fractional Cascading Range Tree with datalength=16000, range=50000, k=40, running time=11
[2020-05-29 11:21:13.527] [info] Start with data length=32000
[2020-05-29 11:21:13.536] [info] [OrgRangeTree] Start original range tree construction
[2020-05-29 11:21:13.562] [info] [OrgRangeTree] Start smart secondary tree construction
[2020-05-29 11:21:13.830] [info] [ExperimentApp] Finish query time testing on Original Range Tree with datalength=32000, range=50000, k=78, running time=19
[2020-05-29 11:21:13.830] [info] [FcRangeTree] Start factional-cascading range tree construction
[2020-05-29 11:21:13.850] [info] [FcRangeTree] Start secondary factional-cascading construction
[2020-05-29 11:21:13.957] [info] [ExperimentApp] Finish query time testing on Fractional Cascading Range Tree with datalength=32000, range=50000, k=78, running time=17
[2020-05-29 11:21:14.058] [info] Start with data length=64000
[2020-05-29 11:21:14.075] [info] [OrgRangeTree] Start original range tree construction
[2020-05-29 11:21:14.128] [info] [OrgRangeTree] Start smart secondary tree construction
[2020-05-29 11:21:14.683] [info] [ExperimentApp] Finish query time testing on Original Range Tree with datalength=64000, range=50000, k=158, running time=27
[2020-05-29 11:21:14.683] [info] [FcRangeTree] Start factional-cascading range tree construction
[2020-05-29 11:21:14.726] [info] [FcRangeTree] Start secondary factional-cascading construction
[2020-05-29 11:21:14.945] [info] [ExperimentApp] Finish query time testing on Fractional Cascading Range Tree with datalength=64000, range=50000, k=157, running time=24
[2020-05-29 11:21:15.154] [info] Start with data length=128000
[2020-05-29 11:21:15.187] [info] [OrgRangeTree] Start original range tree construction
[2020-05-29 11:21:15.298] [info] [OrgRangeTree] Start smart secondary tree construction
[2020-05-29 11:21:16.437] [info] [ExperimentApp] Finish query time testing on Original Range Tree with datalength=128000, range=50000, k=321, running time=46
[2020-05-29 11:21:16.437] [info] [FcRangeTree] Start factional-cascading range tree construction
[2020-05-29 11:21:16.522] [info] [FcRangeTree] Start secondary factional-cascading construction
[2020-05-29 11:21:16.973] [info] [ExperimentApp] Finish query time testing on Fractional Cascading Range Tree with datalength=128000, range=50000, k=321, running time=38
[2020-05-29 11:21:17.410] [info] Start with data length=256000
[2020-05-29 11:21:17.487] [info] [OrgRangeTree] Start original range tree construction
[2020-05-29 11:21:17.731] [info] [OrgRangeTree] Start smart secondary tree construction
[2020-05-29 11:21:20.106] [info] [ExperimentApp] Finish query time testing on Original Range Tree with datalength=256000, range=50000, k=636, running time=71
[2020-05-29 11:21:20.106] [info] [FcRangeTree] Start factional-cascading range tree construction
[2020-05-29 11:21:20.279] [info] [FcRangeTree] Start secondary factional-cascading construction
[2020-05-29 11:21:21.201] [info] [ExperimentApp] Finish query time testing on Fractional Cascading Range Tree with datalength=256000, range=50000, k=636, running time=64
[2020-05-29 11:21:22.107] [info] Start with data length=512000
[2020-05-29 11:21:22.240] [info] [OrgRangeTree] Start original range tree construction
[2020-05-29 11:21:22.710] [info] [OrgRangeTree] Start smart secondary tree construction
[2020-05-29 11:21:27.679] [info] [ExperimentApp] Finish query time testing on Original Range Tree with datalength=512000, range=50000, k=1279, running time=123
[2020-05-29 11:21:27.679] [info] [FcRangeTree] Start factional-cascading range tree construction
[2020-05-29 11:21:28.031] [info] [FcRangeTree] Start secondary factional-cascading construction
[2020-05-29 11:21:29.938] [info] [ExperimentApp] Finish query time testing on Fractional Cascading Range Tree with datalength=512000, range=50000, k=1279, running time=112
[2020-05-29 11:21:31.851] [info] Start with data length=1024000
[2020-05-29 11:21:32.115] [info] [OrgRangeTree] Start original range tree construction
[2020-05-29 11:21:33.090] [info] [OrgRangeTree] Start smart secondary tree construction
[2020-05-29 11:21:43.583] [info] [ExperimentApp] Finish query time testing on Original Range Tree with datalength=1024000, range=50000, k=2559, running time=225
[2020-05-29 11:21:43.583] [info] [FcRangeTree] Start factional-cascading range tree construction
[2020-05-29 11:21:44.309] [info] [FcRangeTree] Start secondary factional-cascading construction
[2020-05-29 11:21:48.300] [info] [ExperimentApp] Finish query time testing on Fractional Cascading Range Tree with datalength=1024000, range=50000, k=2559, running time=209
