[2020-05-29 11:12:06.412] [info] Start range tree tester
[2020-05-29 11:12:06.413] [info] Start query time test with various query range
[2020-05-29 11:12:06.712] [info] [OrgRangeTree] Start original range tree construction
[2020-05-29 11:12:07.743] [info] [OrgRangeTree] Start smart secondary tree construction
[2020-05-29 11:12:18.183] [info] [FcRangeTree] Start factional-cascading range tree construction
[2020-05-29 11:12:18.884] [info] [FcRangeTree] Start secondary factional-cascading construction
[2020-05-29 11:12:22.757] [info] Start with query range=10000
[2020-05-29 11:12:22.760] [info] [ExperimentApp] Finish query time testing on Original Range Tree with datalength=1000000, range=10000, k=101, running time=28
[2020-05-29 11:12:22.762] [info] [ExperimentApp] Finish query time testing on Fractional Cascading Range Tree with datalength=1000000, range=10000, k=100, running time=21
[2020-05-29 11:12:22.762] [info] Start with query range=20000
[2020-05-29 11:12:22.768] [info] [ExperimentApp] Finish query time testing on Original Range Tree with datalength=1000000, range=20000, k=399, running time=51
[2020-05-29 11:12:22.773] [info] [ExperimentApp] Finish query time testing on Fractional Cascading Range Tree with datalength=1000000, range=20000, k=399, running time=46
[2020-05-29 11:12:22.773] [info] Start with query range=50000
[2020-05-29 11:12:22.798] [info] [ExperimentApp] Finish query time testing on Original Range Tree with datalength=1000000, range=50000, k=2500, running time=219
[2020-05-29 11:12:22.821] [info] [ExperimentApp] Finish query time testing on Fractional Cascading Range Tree with datalength=1000000, range=50000, k=2500, running time=206
[2020-05-29 11:12:22.822] [info] Start with query range=100000
[2020-05-29 11:12:22.912] [info] [ExperimentApp] Finish query time testing on Original Range Tree with datalength=1000000, range=100000, k=9997, running time=788
[2020-05-29 11:12:23.004] [info] [ExperimentApp] Finish query time testing on Fractional Cascading Range Tree with datalength=1000000, range=100000, k=9996, running time=760
[2020-05-29 11:12:23.004] [info] Start with query range=200000
[2020-05-29 11:12:23.359] [info] [ExperimentApp] Finish query time testing on Original Range Tree with datalength=1000000, range=200000, k=40019, running time=3089
[2020-05-29 11:12:23.707] [info] [ExperimentApp] Finish query time testing on Fractional Cascading Range Tree with datalength=1000000, range=200000, k=40018, running time=3018

Process finished with exit code 0
